<?xml version="1.0" encoding="UTF-8"?>
<!-- Generated by org.testng.reporters.JUnitReportReporter -->
<testsuite skipped="0" hostname="ATMECSINLT-443" name="draft.Example1" tests="2" failures="0" timestamp="05 Mar 2019 03:39:59 GMT" time="31.919" errors="0">
  <testcase name="test1OfExample1" time="16.447" classname="draft.Example1"/>
  <testcase name="test2OfExample1" time="15.472" classname="draft.Example1"/>
</testsuite> <!-- draft.Example1 -->
