<?xml version="1.0" encoding="UTF-8"?>
<!-- Generated by org.testng.reporters.JUnitReportReporter -->
<testsuite skipped="0" hostname="ATMECSINLT-443" name="draft.ParamterizationUsingXMLfilesExample" tests="1" failures="0" timestamp="06 Mar 2019 02:17:34 GMT" time="30.286" errors="0">
  <testcase name="test1" time="30.286" classname="draft.ParamterizationUsingXMLfilesExample"/>
</testsuite> <!-- draft.ParamterizationUsingXMLfilesExample -->
