<?xml version="1.0" encoding="UTF-8"?>
<!-- Generated by org.testng.reporters.JUnitReportReporter -->
<testsuite skipped="0" hostname="ATMECSINLT-443" name="draft.NewTest" tests="1" failures="0" timestamp="05 Mar 2019 05:28:33 GMT" time="24.024" errors="0">
  <testcase name="test1" time="24.024" classname="draft.NewTest"/>
</testsuite> <!-- draft.NewTest -->
