<?xml version="1.0" encoding="UTF-8"?>
<!-- Generated by org.testng.reporters.JUnitReportReporter -->
<testsuite skipped="0" hostname="ATMECSINLT-443" name="practiceTests.TestNGPractice" tests="3" failures="0" timestamp="04 Mar 2019 05:49:03 GMT" time="59.130" errors="0">
  <testcase name="test1" time="19.069" classname="practiceTests.TestNGPractice"/>
  <testcase name="test1" time="20.046" classname="practiceTests.TestNGPractice"/>
  <testcase name="test1" time="20.015" classname="practiceTests.TestNGPractice"/>
</testsuite> <!-- practiceTests.TestNGPractice -->
