<?xml version="1.0" encoding="UTF-8"?>
<!-- Generated by org.testng.reporters.JUnitReportReporter -->
<testsuite skipped="0" hostname="ATMECSINLT-443" name="draft.workWithExcelSheets" tests="1" failures="0" timestamp="06 Mar 2019 03:04:34 GMT" time="0.536" errors="0">
  <testcase name="writeToExcelSheet" time="0.536" classname="draft.workWithExcelSheets"/>
</testsuite> <!-- draft.workWithExcelSheets -->
