<?xml version="1.0" encoding="UTF-8"?>
<!-- Generated by org.testng.reporters.JUnitReportReporter -->
<testsuite skipped="0" hostname="ATMECSINLT-443" name="draft.Example2" tests="2" failures="0" timestamp="05 Mar 2019 03:39:59 GMT" time="30.182" errors="0">
  <testcase name="scenario2OfExample2" time="14.692" classname="draft.Example2"/>
  <testcase name="scenario1OfExample2" time="15.490" classname="draft.Example2"/>
</testsuite> <!-- draft.Example2 -->
